<?xml version="1.0" encoding="UTF-8"?>
<testsuite name="Product purchase flow test" tests="1" skipped="0" failures="0" errors="0" timestamp="2023-07-25T18:52:06" hostname="ip-192-168-1-30.ec2.internal" time="41.643">
  <properties/>
  <testcase name="Buying products that are in the shopping cart" classname="Product purchase flow test" time="41.643"/>
  <system-out><![CDATA[?[92m|-- Given the 'user' is located on the opencart website?[0m
?[92m|---- user opens the http://opencart.abstracta.us/index.php?route=common/home?[0m
?[92m|-- When the user adds products to the cart?[0m
?[92m|---- User add products?[0m
?[92m|------ user enters '1' into Quantity?[0m
?[92m|-- Then the user can view 2 products in the cart?[0m
?[92m|---- Then products are?[0m
?[92m|-- When you checkout as a guest?[0m
?[92m|---- User complete the checkout?[0m
?[92m|------ User fill out form?[0m
?[92m|-------- user enters 'Prueba' into Name?[0m
?[92m|-------- user enters 'Apellido' into Last Name?[0m
?[92m|-------- user enters 'pruebacheckout1@yopmail.com' into Email?[0m
?[92m|-------- user enters '301001111' into Phone?[0m
?[92m|-------- user enters 'calle 45' into Address 1?[0m
?[92m|-------- user enters 'Medellin' into City?[0m
?[92m|-------- user enters '050029' into Post Code?[0m
?[92m|-------- user selects 47 in Country?[0m
?[92m|-------- user selects 721 in State?[0m
?[92m|-------- user clicks on Button continue?[0m
?[92m|-------- user enters 'Prueba' into comment?[0m
?[92m|-------- user clicks on Button shipping?[0m
?[92m|-------- user clicks on agree?[0m
?[92m|-------- user clicks on Button payment?[0m
?[92m|-------- user clicks on Button confirm order?[0m
?[92m|-- Then the user must be able to view the purchase confirmation.?[0m
?[92m|---- Then the order confirmation message?[0m
]]></system-out>
  <system-err><![CDATA[[Test worker] INFO io.cucumber.core.plugin.SerenityReporter - Running feature from file:///Users/cindyrestrepo/Documents/pruebaAutomation/src/test/resources/features/add_products_to_cart.feature
[Test worker] INFO  - 
  _____   ___   ___   _____     ___   _____     _     ___   _____   ___   ___  
 |_   _| | __| / __| |_   _|   / __| |_   _|   /_\   | _ \ |_   _| | __| |   \ 
   | |   | _|  \__ \   | |     \__ \   | |    / _ \  |   /   | |   | _|  | |) |
   |_|   |___| |___/   |_|     |___/   |_|   /_/ \_\ |_|_\   |_|   |___| |___/ 

Buying products that are in the shopping cart(product-purchase-flow-test;buying-products-that-are-in-the-shopping-cart)
--------------------------------------------------------------------------------
[Test worker] INFO net.serenitybdd.core.webdriver.driverproviders.ChromeDriverProvider - Using automatically driver download
[Test worker] ERROR io.github.bonigarcia.wdm.online.HttpClient - Error HTTP 404 executing https://chromedriver.storage.googleapis.com/LATEST_RELEASE_115
[Test worker] WARN io.github.bonigarcia.wdm.versions.VersionDetector - Exception reading https://chromedriver.storage.googleapis.com/LATEST_RELEASE_115 to get latest version of chromedriver (Error HTTP 404 executing https://chromedriver.storage.googleapis.com/LATEST_RELEASE_115)
[Test worker] INFO io.github.bonigarcia.wdm.WebDriverManager - Exporting webdriver.chrome.driver as /Users/cindyrestrepo/.cache/selenium/chromedriver/mac64/114.0.5735.90/chromedriver
[Test worker] INFO net.serenitybdd.core.webdriver.driverproviders.ProvideNewDriver - Instantiating driver
[Test worker] INFO net.serenitybdd.core.webdriver.driverproviders.ProvideNewDriver - Driver capabilities: Capabilities {acceptInsecureCerts: false, browserName: chrome, chrome.switches: --lang=es,--disable-popup-b..., goog:chromeOptions: {args: [--lang=es, --disable-popup-blocking, --disable-download-notifica..., --start-maximized, --test-type, --ignore-certificate-errors, --allow-running-insecure-co..., --disable-translate, --always-authorize-plugins, --disable-extensions], extensions: []}, loggingPrefs: org.openqa.selenium.logging...}
Starting ChromeDriver 114.0.5735.90 (386bc09e8f4f2e025eddae123f36f6263096ae49-refs/branch-heads/5735@{#1052}) on port 21397
Only local connections are allowed.
Please see https://chromedriver.chromium.org/security-considerations for suggestions on keeping ChromeDriver safe.
ChromeDriver was started successfully.
[1690311137.323][WARNING]: This version of ChromeDriver has not been tested with Chrome version 115.
jul. 25, 2023 1:52:17 P. M. org.openqa.selenium.remote.ProtocolHandshake createSession
INFO: Detected dialect: W3C
[Test worker] INFO  - ?[92m
  _____   ___   ___   _____     ___     _     ___   ___   ___   ___  
 |_   _| | __| / __| |_   _|   | _ \   /_\   / __| / __| | __| |   \ 
   | |   | _|  \__ \   | |     |  _/  / _ \  \__ \ \__ \ | _|  | |) |
   |_|   |___| |___/   |_|     |_|   /_/ \_\ |___/ |___/ |___| |___/ 

Buying products that are in the shopping cart
----------------------------------------------------------------------?[0m
]]></system-err>
</testsuite>
